2025-11-30 23:07:11,843 INFO  com.Proyecto_JS.ProyectoJS.ProyectoJsApplication - Starting ProyectoJsApplication using Java 21 with PID 27500 (C:\Users\israe\OneDrive\Pictures\GIT BIBLIO ISRA\SistemaDeComercializacionConManejoDeSucursales\ProyectoBIB\target\classes started by israe in C:\Users\israe\OneDrive\Pictures\GIT BIBLIO ISRA\SistemaDeComercializacionConManejoDeSucursales)
2025-11-30 23:07:11,858 INFO  com.Proyecto_JS.ProyectoJS.ProyectoJsApplication - No active profile set, falling back to 1 default profile: "default"
2025-11-30 23:07:11,949 INFO  org.springframework.boot.devtools.env.DevToolsPropertyDefaultsPostProcessor - Devtools property defaults active! Set 'spring.devtools.add-properties' to 'false' to disable
2025-11-30 23:07:11,949 INFO  org.springframework.boot.devtools.env.DevToolsPropertyDefaultsPostProcessor - For additional web related logging consider setting the 'logging.level.web' property to 'DEBUG'
2025-11-30 23:07:12,150 INFO  com.Proyecto_JS.ProyectoJS.ProyectoJsApplication - Starting ProyectoJsApplication using Java 21 with PID 21820 (C:\Users\israe\OneDrive\Pictures\GIT BIBLIO ISRA\SistemaDeComercializacionConManejoDeSucursales\ProyectoBIB\target\classes started by israe in C:\Users\israe\OneDrive\Pictures\GIT BIBLIO ISRA\SistemaDeComercializacionConManejoDeSucursales)
2025-11-30 23:07:12,155 INFO  com.Proyecto_JS.ProyectoJS.ProyectoJsApplication - No active profile set, falling back to 1 default profile: "default"
2025-11-30 23:07:12,244 INFO  org.springframework.boot.devtools.env.DevToolsPropertyDefaultsPostProcessor - Devtools property defaults active! Set 'spring.devtools.add-properties' to 'false' to disable
2025-11-30 23:07:12,245 INFO  org.springframework.boot.devtools.env.DevToolsPropertyDefaultsPostProcessor - For additional web related logging consider setting the 'logging.level.web' property to 'DEBUG'
2025-11-30 23:07:13,473 INFO  org.springframework.data.repository.config.RepositoryConfigurationDelegate - Bootstrapping Spring Data JPA repositories in DEFAULT mode.
2025-11-30 23:07:13,587 INFO  org.springframework.data.repository.config.RepositoryConfigurationDelegate - Bootstrapping Spring Data JPA repositories in DEFAULT mode.
2025-11-30 23:07:13,670 INFO  org.springframework.data.repository.config.RepositoryConfigurationDelegate - Finished Spring Data repository scanning in 184 ms. Found 11 JPA repository interfaces.
2025-11-30 23:07:13,782 INFO  org.springframework.data.repository.config.RepositoryConfigurationDelegate - Finished Spring Data repository scanning in 185 ms. Found 11 JPA repository interfaces.
2025-11-30 23:07:15,275 INFO  org.springframework.boot.web.embedded.tomcat.TomcatWebServer - Tomcat initialized with port 8080 (http)
2025-11-30 23:07:15,309 INFO  org.apache.coyote.http11.Http11NioProtocol - Initializing ProtocolHandler ["http-nio-8080"]
2025-11-30 23:07:15,313 INFO  org.apache.catalina.core.StandardService - Starting service [Tomcat]
2025-11-30 23:07:15,313 INFO  org.apache.catalina.core.StandardEngine - Starting Servlet engine: [Apache Tomcat/10.1.33]
2025-11-30 23:07:15,399 INFO  org.apache.catalina.core.ContainerBase.[Tomcat].[localhost].[/] - Initializing Spring embedded WebApplicationContext
2025-11-30 23:07:15,400 INFO  org.springframework.boot.web.servlet.context.ServletWebServerApplicationContext - Root WebApplicationContext: initialization completed in 3448 ms
2025-11-30 23:07:15,460 INFO  org.springframework.boot.web.embedded.tomcat.TomcatWebServer - Tomcat initialized with port 8080 (http)
2025-11-30 23:07:15,482 INFO  org.apache.coyote.http11.Http11NioProtocol - Initializing ProtocolHandler ["http-nio-8080"]
2025-11-30 23:07:15,487 INFO  org.apache.catalina.core.StandardService - Starting service [Tomcat]
2025-11-30 23:07:15,488 INFO  org.apache.catalina.core.StandardEngine - Starting Servlet engine: [Apache Tomcat/10.1.33]
2025-11-30 23:07:15,596 INFO  org.apache.catalina.core.ContainerBase.[Tomcat].[localhost].[/] - Initializing Spring embedded WebApplicationContext
2025-11-30 23:07:15,597 INFO  org.springframework.boot.web.servlet.context.ServletWebServerApplicationContext - Root WebApplicationContext: initialization completed in 3351 ms
2025-11-30 23:07:15,702 INFO  org.hibernate.jpa.internal.util.LogHelper - HHH000204: Processing PersistenceUnitInfo [name: default]
2025-11-30 23:07:15,819 INFO  org.hibernate.Version - HHH000412: Hibernate ORM core version 6.4.10.Final
2025-11-30 23:07:15,892 INFO  org.hibernate.cache.internal.RegionFactoryInitiator - HHH000026: Second-level cache disabled
2025-11-30 23:07:15,920 INFO  org.hibernate.jpa.internal.util.LogHelper - HHH000204: Processing PersistenceUnitInfo [name: default]
2025-11-30 23:07:16,016 INFO  org.hibernate.Version - HHH000412: Hibernate ORM core version 6.4.10.Final
2025-11-30 23:07:16,065 INFO  org.hibernate.cache.internal.RegionFactoryInitiator - HHH000026: Second-level cache disabled
2025-11-30 23:07:16,228 INFO  org.springframework.orm.jpa.persistenceunit.SpringPersistenceUnitInfo - No LoadTimeWeaver setup: ignoring JPA class transformer
2025-11-30 23:07:16,264 INFO  com.zaxxer.hikari.HikariDataSource - HikariPool-1 - Starting...
2025-11-30 23:07:16,387 INFO  org.springframework.orm.jpa.persistenceunit.SpringPersistenceUnitInfo - No LoadTimeWeaver setup: ignoring JPA class transformer
2025-11-30 23:07:16,420 INFO  com.zaxxer.hikari.HikariDataSource - HikariPool-1 - Starting...
2025-11-30 23:07:16,483 INFO  com.zaxxer.hikari.pool.HikariPool - HikariPool-1 - Added connection com.mysql.cj.jdbc.ConnectionImpl@53b3aab3
2025-11-30 23:07:16,486 INFO  com.zaxxer.hikari.HikariDataSource - HikariPool-1 - Start completed.
2025-11-30 23:07:16,560 WARN  org.hibernate.dialect.Dialect - HHH000511: The 5.5.0 version for [org.hibernate.dialect.MySQLDialect] is no longer supported, hence certain features may not work properly. The minimum supported version is 8.0.0. Check the community dialects project for available legacy versions.
2025-11-30 23:07:16,567 WARN  org.hibernate.orm.deprecation - HHH90000025: MySQLDialect does not need to be specified explicitly using 'hibernate.dialect' (remove the property setting and it will be selected by default)
2025-11-30 23:07:16,652 INFO  com.zaxxer.hikari.pool.HikariPool - HikariPool-1 - Added connection com.mysql.cj.jdbc.ConnectionImpl@46279e01
2025-11-30 23:07:16,654 INFO  com.zaxxer.hikari.HikariDataSource - HikariPool-1 - Start completed.
2025-11-30 23:07:16,710 WARN  org.hibernate.dialect.Dialect - HHH000511: The 5.5.0 version for [org.hibernate.dialect.MySQLDialect] is no longer supported, hence certain features may not work properly. The minimum supported version is 8.0.0. Check the community dialects project for available legacy versions.
2025-11-30 23:07:16,718 WARN  org.hibernate.orm.deprecation - HHH90000025: MySQLDialect does not need to be specified explicitly using 'hibernate.dialect' (remove the property setting and it will be selected by default)
2025-11-30 23:07:18,063 INFO  org.hibernate.engine.transaction.jta.platform.internal.JtaPlatformInitiator - HHH000489: No JTA platform available (set 'hibernate.transaction.jta.platform' to enable JTA platform integration)
2025-11-30 23:07:18,263 INFO  org.hibernate.engine.transaction.jta.platform.internal.JtaPlatformInitiator - HHH000489: No JTA platform available (set 'hibernate.transaction.jta.platform' to enable JTA platform integration)
2025-11-30 23:07:19,162 INFO  org.springframework.orm.jpa.LocalContainerEntityManagerFactoryBean - Initialized JPA EntityManagerFactory for persistence unit 'default'
2025-11-30 23:07:19,199 INFO  com.Proyecto_JS.ProyectoJS.config.StartupLogger - Aplicación iniciada y logging configurado correctamente
2025-11-30 23:07:19,388 INFO  org.springframework.orm.jpa.LocalContainerEntityManagerFactoryBean - Initialized JPA EntityManagerFactory for persistence unit 'default'
2025-11-30 23:07:19,407 INFO  com.Proyecto_JS.ProyectoJS.config.StartupLogger - Aplicación iniciada y logging configurado correctamente
2025-11-30 23:07:20,375 WARN  org.springframework.boot.autoconfigure.orm.jpa.JpaBaseConfiguration$JpaWebConfiguration - spring.jpa.open-in-view is enabled by default. Therefore, database queries may be performed during view rendering. Explicitly configure spring.jpa.open-in-view to disable this warning
2025-11-30 23:07:20,592 INFO  org.springframework.boot.autoconfigure.web.servlet.WelcomePageHandlerMapping - Adding welcome page template: index
2025-11-30 23:07:20,600 WARN  org.springframework.boot.autoconfigure.orm.jpa.JpaBaseConfiguration$JpaWebConfiguration - spring.jpa.open-in-view is enabled by default. Therefore, database queries may be performed during view rendering. Explicitly configure spring.jpa.open-in-view to disable this warning
2025-11-30 23:07:20,808 INFO  org.springframework.boot.autoconfigure.web.servlet.WelcomePageHandlerMapping - Adding welcome page template: index
2025-11-30 23:07:20,913 INFO  org.springframework.security.web.DefaultSecurityFilterChain - Will secure any request with [org.springframework.security.web.session.DisableEncodeUrlFilter@1a8091aa, org.springframework.security.web.context.request.async.WebAsyncManagerIntegrationFilter@42feda7c, org.springframework.security.web.context.SecurityContextHolderFilter@4cac845a, org.springframework.security.web.header.HeaderWriterFilter@22266a48, org.springframework.security.web.csrf.CsrfFilter@12d94246, org.springframework.security.web.authentication.logout.LogoutFilter@777a2d75, org.springframework.security.web.authentication.UsernamePasswordAuthenticationFilter@c54bb60, org.springframework.security.web.savedrequest.RequestCacheAwareFilter@7157687, org.springframework.security.web.servletapi.SecurityContextHolderAwareRequestFilter@5bfbff1e, org.springframework.security.web.authentication.AnonymousAuthenticationFilter@55a6f4c1, org.springframework.security.web.access.ExceptionTranslationFilter@52bf7cd8, org.springframework.security.web.access.intercept.AuthorizationFilter@3de09799]
2025-11-30 23:07:21,134 INFO  org.springframework.security.web.DefaultSecurityFilterChain - Will secure any request with [org.springframework.security.web.session.DisableEncodeUrlFilter@5778786, org.springframework.security.web.context.request.async.WebAsyncManagerIntegrationFilter@7d0dc916, org.springframework.security.web.context.SecurityContextHolderFilter@4bc45e0c, org.springframework.security.web.header.HeaderWriterFilter@317a2e0a, org.springframework.security.web.csrf.CsrfFilter@2abe395f, org.springframework.security.web.authentication.logout.LogoutFilter@6107603b, org.springframework.security.web.authentication.UsernamePasswordAuthenticationFilter@7a2a87e3, org.springframework.security.web.savedrequest.RequestCacheAwareFilter@706952a, org.springframework.security.web.servletapi.SecurityContextHolderAwareRequestFilter@12d94246, org.springframework.security.web.authentication.AnonymousAuthenticationFilter@510a523a, org.springframework.security.web.access.ExceptionTranslationFilter@1c6fc578, org.springframework.security.web.access.intercept.AuthorizationFilter@7ead9427]
2025-11-30 23:07:21,357 INFO  org.springframework.boot.devtools.autoconfigure.OptionalLiveReloadServer - LiveReload server is running on port 35729
2025-11-30 23:07:21,377 INFO  org.apache.coyote.http11.Http11NioProtocol - Starting ProtocolHandler ["http-nio-8080"]
2025-11-30 23:07:21,417 INFO  org.springframework.boot.web.embedded.tomcat.TomcatWebServer - Tomcat started on port 8080 (http) with context path ''
2025-11-30 23:07:21,430 INFO  com.Proyecto_JS.ProyectoJS.ProyectoJsApplication - Started ProyectoJsApplication in 10.412 seconds (process running for 11.12)
2025-11-30 23:07:21,558 WARN  org.springframework.boot.devtools.autoconfigure.OptionalLiveReloadServer - Unable to start LiveReload server
2025-11-30 23:07:21,580 INFO  org.apache.coyote.http11.Http11NioProtocol - Starting ProtocolHandler ["http-nio-8080"]
2025-11-30 23:07:21,593 WARN  org.springframework.boot.web.servlet.context.AnnotationConfigServletWebServerApplicationContext - Exception encountered during context initialization - cancelling refresh attempt: org.springframework.context.ApplicationContextException: Failed to start bean 'webServerStartStop'
2025-11-30 23:07:21,599 INFO  org.springframework.orm.jpa.LocalContainerEntityManagerFactoryBean - Closing JPA EntityManagerFactory for persistence unit 'default'
2025-11-30 23:07:21,605 INFO  com.zaxxer.hikari.HikariDataSource - HikariPool-1 - Shutdown initiated...
2025-11-30 23:07:21,616 INFO  com.zaxxer.hikari.HikariDataSource - HikariPool-1 - Shutdown completed.
2025-11-30 23:07:21,635 INFO  org.springframework.boot.autoconfigure.logging.ConditionEvaluationReportLogger - 

Error starting ApplicationContext. To display the condition evaluation report re-run your application with 'debug' enabled.
2025-11-30 23:07:21,675 ERROR org.springframework.boot.diagnostics.LoggingFailureAnalysisReporter - 

***************************
APPLICATION FAILED TO START
***************************

Description:

Web server failed to start. Port 8080 was already in use.

Action:

Identify and stop the process that's listening on port 8080 or configure this application to listen on another port.

