2025-10-30 12:35:04,434 INFO  com.Proyecto_JS.ProyectoJS.ProyectoJsApplication - Starting ProyectoJsApplication using Java 21 with PID 22184 (C:\Users\israe\OneDrive\Pictures\GIT BIBLIO ISRA\SistemaDeComercializacionConManejoDeSucursales\ProyectoBIB\target\classes started by israe in C:\Users\israe\OneDrive\Pictures\GIT BIBLIO ISRA\SistemaDeComercializacionConManejoDeSucursales)
2025-10-30 12:35:04,434 INFO  com.Proyecto_JS.ProyectoJS.ProyectoJsApplication - No active profile set, falling back to 1 default profile: "default"
2025-10-30 12:35:04,751 INFO  org.springframework.data.repository.config.RepositoryConfigurationDelegate - Bootstrapping Spring Data JPA repositories in DEFAULT mode.
2025-10-30 12:35:04,819 INFO  org.springframework.data.repository.config.RepositoryConfigurationDelegate - Finished Spring Data repository scanning in 68 ms. Found 11 JPA repository interfaces.
2025-10-30 12:35:04,946 INFO  org.springframework.boot.web.embedded.tomcat.TomcatWebServer - Tomcat initialized with port 8080 (http)
2025-10-30 12:35:04,948 INFO  org.apache.catalina.core.StandardService - Starting service [Tomcat]
2025-10-30 12:35:04,948 INFO  org.apache.catalina.core.StandardEngine - Starting Servlet engine: [Apache Tomcat/10.1.33]
2025-10-30 12:35:04,976 INFO  org.apache.catalina.core.ContainerBase.[Tomcat].[localhost].[/] - Initializing Spring embedded WebApplicationContext
2025-10-30 12:35:04,977 INFO  org.springframework.boot.web.servlet.context.ServletWebServerApplicationContext - Root WebApplicationContext: initialization completed in 538 ms
2025-10-30 12:35:05,031 INFO  org.hibernate.jpa.internal.util.LogHelper - HHH000204: Processing PersistenceUnitInfo [name: default]
2025-10-30 12:35:05,037 INFO  org.hibernate.cache.internal.RegionFactoryInitiator - HHH000026: Second-level cache disabled
2025-10-30 12:35:05,042 INFO  org.springframework.orm.jpa.persistenceunit.SpringPersistenceUnitInfo - No LoadTimeWeaver setup: ignoring JPA class transformer
2025-10-30 12:35:05,044 INFO  com.zaxxer.hikari.HikariDataSource - HikariPool-2 - Starting...
2025-10-30 12:35:05,052 INFO  com.zaxxer.hikari.pool.HikariPool - HikariPool-2 - Added connection com.mysql.cj.jdbc.ConnectionImpl@35f2e4f1
2025-10-30 12:35:05,053 INFO  com.zaxxer.hikari.HikariDataSource - HikariPool-2 - Start completed.
2025-10-30 12:35:05,055 WARN  org.hibernate.dialect.Dialect - HHH000511: The 5.5.0 version for [org.hibernate.dialect.MySQLDialect] is no longer supported, hence certain features may not work properly. The minimum supported version is 8.0.0. Check the community dialects project for available legacy versions.
2025-10-30 12:35:05,056 WARN  org.hibernate.orm.deprecation - HHH90000025: MySQLDialect does not need to be specified explicitly using 'hibernate.dialect' (remove the property setting and it will be selected by default)
2025-10-30 12:35:05,290 INFO  org.hibernate.engine.transaction.jta.platform.internal.JtaPlatformInitiator - HHH000489: No JTA platform available (set 'hibernate.transaction.jta.platform' to enable JTA platform integration)
2025-10-30 12:35:05,747 INFO  org.springframework.orm.jpa.LocalContainerEntityManagerFactoryBean - Initialized JPA EntityManagerFactory for persistence unit 'default'
2025-10-30 12:35:05,754 INFO  com.Proyecto_JS.ProyectoJS.config.StartupLogger - Aplicación iniciada y logging configurado correctamente
2025-10-30 12:35:05,950 WARN  org.springframework.boot.autoconfigure.orm.jpa.JpaBaseConfiguration$JpaWebConfiguration - spring.jpa.open-in-view is enabled by default. Therefore, database queries may be performed during view rendering. Explicitly configure spring.jpa.open-in-view to disable this warning
2025-10-30 12:35:05,961 INFO  org.springframework.boot.autoconfigure.web.servlet.WelcomePageHandlerMapping - Adding welcome page template: index
2025-10-30 12:35:06,038 INFO  org.springframework.security.web.DefaultSecurityFilterChain - Will secure any request with [org.springframework.security.web.session.DisableEncodeUrlFilter@144ca10d, org.springframework.security.web.context.request.async.WebAsyncManagerIntegrationFilter@5a9dd82, org.springframework.security.web.context.SecurityContextHolderFilter@6f25822d, org.springframework.security.web.header.HeaderWriterFilter@7fbb58a0, org.springframework.security.web.csrf.CsrfFilter@127d6ac6, org.springframework.security.web.authentication.logout.LogoutFilter@1f883afe, org.springframework.security.web.authentication.UsernamePasswordAuthenticationFilter@4a4d2d70, org.springframework.security.web.savedrequest.RequestCacheAwareFilter@16f7ee55, org.springframework.security.web.servletapi.SecurityContextHolderAwareRequestFilter@79a4d67a, org.springframework.security.web.authentication.AnonymousAuthenticationFilter@b2681de, org.springframework.security.web.access.ExceptionTranslationFilter@32cbbef7, org.springframework.security.web.access.intercept.AuthorizationFilter@69ecfdb4]
2025-10-30 12:35:06,111 INFO  org.springframework.boot.devtools.autoconfigure.OptionalLiveReloadServer - LiveReload server is running on port 35729
2025-10-30 12:35:06,122 INFO  org.springframework.boot.web.embedded.tomcat.TomcatWebServer - Tomcat started on port 8080 (http) with context path ''
2025-10-30 12:35:06,130 INFO  com.Proyecto_JS.ProyectoJS.ProyectoJsApplication - Started ProyectoJsApplication in 1.937 seconds (process running for 1570.999)
2025-10-30 12:35:06,135 INFO  org.springframework.boot.devtools.autoconfigure.ConditionEvaluationDeltaLoggingListener - Condition evaluation unchanged
2025-10-30 12:35:16,345 INFO  org.apache.catalina.core.ContainerBase.[Tomcat].[localhost].[/] - Initializing Spring DispatcherServlet 'dispatcherServlet'
2025-10-30 12:35:16,346 INFO  org.springframework.web.servlet.DispatcherServlet - Initializing Servlet 'dispatcherServlet'
2025-10-30 12:35:16,352 INFO  org.springframework.web.servlet.DispatcherServlet - Completed initialization in 4 ms
2025-10-30 12:38:24,305 INFO  com.Proyecto_JS.ProyectoJS.controller.admin.ReporteController - Solicitud de exportación de catálogo Excel
2025-10-30 12:38:24,306 INFO  com.Proyecto_JS.ProyectoJS.service.ExcelService - Iniciando generación de catálogo Excel
2025-10-30 12:38:26,566 INFO  com.Proyecto_JS.ProyectoJS.service.ExcelService - Catálogo Excel generado exitosamente con 44 libros
2025-10-30 12:38:43,556 INFO  com.Proyecto_JS.ProyectoJS.controller.admin.ReporteController - Solicitud de exportación de catálogo Excel
2025-10-30 12:38:43,557 INFO  com.Proyecto_JS.ProyectoJS.service.ExcelService - Iniciando generación de catálogo Excel
2025-10-30 12:38:43,745 INFO  com.Proyecto_JS.ProyectoJS.service.ExcelService - Catálogo Excel generado exitosamente con 44 libros
2025-10-30 12:51:23,110 INFO  org.springframework.boot.devtools.autoconfigure.LocalDevToolsAutoConfiguration$RestartingClassPathChangeChangedEventListener - Restarting due to 1 class path change (0 additions, 0 deletions, 1 modification)
2025-10-30 12:51:23,132 INFO  org.springframework.orm.jpa.LocalContainerEntityManagerFactoryBean - Closing JPA EntityManagerFactory for persistence unit 'default'
2025-10-30 12:51:23,133 INFO  com.zaxxer.hikari.HikariDataSource - HikariPool-2 - Shutdown initiated...
2025-10-30 12:51:23,141 INFO  com.zaxxer.hikari.HikariDataSource - HikariPool-2 - Shutdown completed.
2025-10-30 12:51:23,291 INFO  com.Proyecto_JS.ProyectoJS.ProyectoJsApplication - Starting ProyectoJsApplication using Java 21 with PID 22184 (C:\Users\israe\OneDrive\Pictures\GIT BIBLIO ISRA\SistemaDeComercializacionConManejoDeSucursales\ProyectoBIB\target\classes started by israe in C:\Users\israe\OneDrive\Pictures\GIT BIBLIO ISRA\SistemaDeComercializacionConManejoDeSucursales)
2025-10-30 12:51:23,291 INFO  com.Proyecto_JS.ProyectoJS.ProyectoJsApplication - No active profile set, falling back to 1 default profile: "default"
2025-10-30 12:51:24,017 INFO  org.springframework.data.repository.config.RepositoryConfigurationDelegate - Bootstrapping Spring Data JPA repositories in DEFAULT mode.
2025-10-30 12:51:24,145 INFO  org.springframework.data.repository.config.RepositoryConfigurationDelegate - Finished Spring Data repository scanning in 127 ms. Found 11 JPA repository interfaces.
2025-10-30 12:51:24,365 INFO  org.springframework.boot.web.embedded.tomcat.TomcatWebServer - Tomcat initialized with port 8080 (http)
2025-10-30 12:51:24,369 INFO  org.apache.catalina.core.StandardService - Starting service [Tomcat]
2025-10-30 12:51:24,370 INFO  org.apache.catalina.core.StandardEngine - Starting Servlet engine: [Apache Tomcat/10.1.33]
2025-10-30 12:51:24,418 INFO  org.apache.catalina.core.ContainerBase.[Tomcat].[localhost].[/] - Initializing Spring embedded WebApplicationContext
2025-10-30 12:51:24,419 INFO  org.springframework.boot.web.servlet.context.ServletWebServerApplicationContext - Root WebApplicationContext: initialization completed in 1124 ms
2025-10-30 12:51:24,454 INFO  org.hibernate.jpa.internal.util.LogHelper - HHH000204: Processing PersistenceUnitInfo [name: default]
2025-10-30 12:51:24,456 INFO  org.hibernate.cache.internal.RegionFactoryInitiator - HHH000026: Second-level cache disabled
2025-10-30 12:51:24,462 INFO  org.springframework.orm.jpa.persistenceunit.SpringPersistenceUnitInfo - No LoadTimeWeaver setup: ignoring JPA class transformer
2025-10-30 12:51:24,464 INFO  com.zaxxer.hikari.HikariDataSource - HikariPool-3 - Starting...
2025-10-30 12:51:24,475 INFO  com.zaxxer.hikari.pool.HikariPool - HikariPool-3 - Added connection com.mysql.cj.jdbc.ConnectionImpl@79f36045
2025-10-30 12:51:24,476 INFO  com.zaxxer.hikari.HikariDataSource - HikariPool-3 - Start completed.
2025-10-30 12:51:24,477 WARN  org.hibernate.dialect.Dialect - HHH000511: The 5.5.0 version for [org.hibernate.dialect.MySQLDialect] is no longer supported, hence certain features may not work properly. The minimum supported version is 8.0.0. Check the community dialects project for available legacy versions.
2025-10-30 12:51:24,478 WARN  org.hibernate.orm.deprecation - HHH90000025: MySQLDialect does not need to be specified explicitly using 'hibernate.dialect' (remove the property setting and it will be selected by default)
2025-10-30 12:51:24,838 INFO  org.hibernate.engine.transaction.jta.platform.internal.JtaPlatformInitiator - HHH000489: No JTA platform available (set 'hibernate.transaction.jta.platform' to enable JTA platform integration)
2025-10-30 12:51:25,382 INFO  org.springframework.orm.jpa.LocalContainerEntityManagerFactoryBean - Initialized JPA EntityManagerFactory for persistence unit 'default'
2025-10-30 12:51:25,400 INFO  com.Proyecto_JS.ProyectoJS.config.StartupLogger - Aplicación iniciada y logging configurado correctamente
2025-10-30 12:51:25,796 WARN  org.springframework.boot.autoconfigure.orm.jpa.JpaBaseConfiguration$JpaWebConfiguration - spring.jpa.open-in-view is enabled by default. Therefore, database queries may be performed during view rendering. Explicitly configure spring.jpa.open-in-view to disable this warning
2025-10-30 12:51:25,814 INFO  org.springframework.boot.autoconfigure.web.servlet.WelcomePageHandlerMapping - Adding welcome page template: index
2025-10-30 12:51:25,907 INFO  org.springframework.security.web.DefaultSecurityFilterChain - Will secure any request with [org.springframework.security.web.session.DisableEncodeUrlFilter@4fe3f349, org.springframework.security.web.context.request.async.WebAsyncManagerIntegrationFilter@f407120, org.springframework.security.web.context.SecurityContextHolderFilter@36fe1287, org.springframework.security.web.header.HeaderWriterFilter@72054aaf, org.springframework.security.web.csrf.CsrfFilter@8eebf2, org.springframework.security.web.authentication.logout.LogoutFilter@444a1003, org.springframework.security.web.authentication.UsernamePasswordAuthenticationFilter@5bbd2a35, org.springframework.security.web.savedrequest.RequestCacheAwareFilter@4158aed1, org.springframework.security.web.servletapi.SecurityContextHolderAwareRequestFilter@5a6e3932, org.springframework.security.web.authentication.AnonymousAuthenticationFilter@490fd64, org.springframework.security.web.access.ExceptionTranslationFilter@6cbef26a, org.springframework.security.web.access.intercept.AuthorizationFilter@6b6c16ea]
2025-10-30 12:51:25,994 INFO  org.springframework.boot.devtools.autoconfigure.OptionalLiveReloadServer - LiveReload server is running on port 35729
2025-10-30 12:51:26,004 INFO  org.springframework.boot.web.embedded.tomcat.TomcatWebServer - Tomcat started on port 8080 (http) with context path ''
2025-10-30 12:51:26,028 INFO  com.Proyecto_JS.ProyectoJS.ProyectoJsApplication - Started ProyectoJsApplication in 2.798 seconds (process running for 2550.896)
2025-10-30 12:51:26,033 INFO  org.springframework.boot.devtools.autoconfigure.ConditionEvaluationDeltaLoggingListener - Condition evaluation unchanged
2025-10-30 12:51:29,640 INFO  org.apache.catalina.core.ContainerBase.[Tomcat].[localhost].[/] - Initializing Spring DispatcherServlet 'dispatcherServlet'
2025-10-30 12:51:29,643 INFO  org.springframework.web.servlet.DispatcherServlet - Initializing Servlet 'dispatcherServlet'
2025-10-30 12:51:29,645 INFO  org.springframework.web.servlet.DispatcherServlet - Completed initialization in 1 ms
2025-10-30 12:51:31,251 INFO  com.Proyecto_JS.ProyectoJS.controller.admin.ReporteController - Solicitud de exportación de catálogo Excel
2025-10-30 12:51:31,252 INFO  com.Proyecto_JS.ProyectoJS.service.ExcelService - Iniciando generación de catálogo Excel detallado
2025-10-30 12:51:31,552 INFO  com.Proyecto_JS.ProyectoJS.service.ExcelService - Catálogo Excel generado exitosamente con 44 libros
2025-10-30 22:22:56,470 WARN  com.zaxxer.hikari.pool.HikariPool - HikariPool-3 - Thread starvation or clock leap detected (housekeeper delta=8h22m37s569ms280µs900ns).
2025-10-30 23:58:04,441 WARN  com.zaxxer.hikari.pool.HikariPool - HikariPool-3 - Thread starvation or clock leap detected (housekeeper delta=2m36s515ms550µs).
